<?xml version="1.0" encoding="UTF-8"?>
<!-- Generated by org.testng.reporters.JUnitReportReporter -->
<testsuite skipped="1" hostname="DDC2-DX-75QR9B2" name="r09_SignupandLogin_Chrome.Trident_Login_Page_HomeScreen_99036" tests="2" failures="0" timestamp="17 Oct 2016 10:18:31 GMT" time="0.005" errors="1">
  <testcase name="Login_Page_HomeScreen" time="0.005" classname="r09_SignupandLogin_Chrome.Trident_Login_Page_HomeScreen_99036">
    <skipped/>
  </testcase> <!-- Login_Page_HomeScreen -->
  <testcase name="beforeMethod" time="0.000" classname="r09_SignupandLogin_Chrome.Trident_Login_Page_HomeScreen_99036">
    <error type="java.lang.IllegalStateException" message="The driver executable is a directory: C:\Users\rishi.a.garg\workspace\TestAutomation\EELS_NewOceanProfile\target\test-classes">
      <![CDATA[java.lang.IllegalStateException: The driver executable is a directory: C:\Users\rishi.a.garg\workspace\TestAutomation\EELS_NewOceanProfile\target\test-classes
	at com.google.common.base.Preconditions.checkState(Preconditions.java:200)
	at org.openqa.selenium.remote.service.DriverService.checkExecutable(DriverService.java:123)
	at org.openqa.selenium.remote.service.DriverService.findExecutable(DriverService.java:116)
	at org.openqa.selenium.chrome.ChromeDriverService.access$000(ChromeDriverService.java:32)
	at org.openqa.selenium.chrome.ChromeDriverService$Builder.findDefaultExecutable(ChromeDriverService.java:137)
	at org.openqa.selenium.remote.service.DriverService$Builder.build(DriverService.java:296)
	at org.openqa.selenium.chrome.ChromeDriverService.createDefaultService(ChromeDriverService.java:88)
	at org.openqa.selenium.chrome.ChromeDriver.<init>(ChromeDriver.java:116)
	at constants.IResourceConstant.<init>(IResourceConstant.java:29)
	at application_Model.SignUpPageModel.URL(SignUpPageModel.java:97)
	at application_Controller.SignUpPageController.openURL(SignUpPageController.java:28)
	at application_Controller.SignUpPageController.openURL(SignUpPageController.java:37)
	at r09_SignupandLogin_Chrome.Trident_Login_Page_HomeScreen_99036.beforeMethod(Trident_Login_Page_HomeScreen_99036.java:48)
	at sun.reflect.NativeMethodAccessorImpl.invoke0(Native Method)
	at sun.reflect.NativeMethodAccessorImpl.invoke(Unknown Source)
	at sun.reflect.DelegatingMethodAccessorImpl.invoke(Unknown Source)
	at java.lang.reflect.Method.invoke(Unknown Source)
	at org.testng.internal.MethodInvocationHelper.invokeMethod(MethodInvocationHelper.java:100)
	at org.testng.internal.Invoker.invokeConfigurationMethod(Invoker.java:515)
	at org.testng.internal.Invoker.invokeConfigurations(Invoker.java:216)
	at org.testng.internal.Invoker.invokeMethod(Invoker.java:590)
	at org.testng.internal.Invoker.invokeTestMethod(Invoker.java:811)
	at org.testng.internal.Invoker.invokeTestMethods(Invoker.java:1137)
	at org.testng.internal.TestMethodWorker.invokeTestMethods(TestMethodWorker.java:129)
	at org.testng.internal.TestMethodWorker.run(TestMethodWorker.java:112)
	at org.testng.TestRunner.privateRun(TestRunner.java:753)
	at org.testng.TestRunner.run(TestRunner.java:607)
	at org.testng.SuiteRunner.runTest(SuiteRunner.java:368)
	at org.testng.SuiteRunner.runSequentially(SuiteRunner.java:363)
	at org.testng.SuiteRunner.privateRun(SuiteRunner.java:321)
	at org.testng.SuiteRunner.run(SuiteRunner.java:270)
	at org.testng.SuiteRunnerWorker.runSuite(SuiteRunnerWorker.java:52)
	at org.testng.SuiteRunnerWorker.run(SuiteRunnerWorker.java:86)
	at org.testng.TestNG.runSuitesSequentially(TestNG.java:1284)
	at org.testng.TestNG.runSuitesLocally(TestNG.java:1209)
	at org.testng.TestNG.runSuites(TestNG.java:1124)
	at org.testng.TestNG.run(TestNG.java:1096)
	at org.testng.remote.AbstractRemoteTestNG.run(AbstractRemoteTestNG.java:132)
	at org.testng.remote.RemoteTestNG.initAndRun(RemoteTestNG.java:236)
	at org.testng.remote.RemoteTestNG.main(RemoteTestNG.java:81)
]]>
    </error>
  </testcase> <!-- beforeMethod -->
</testsuite> <!-- r09_SignupandLogin_Chrome.Trident_Login_Page_HomeScreen_99036 -->
