<?xml version="1.0" encoding="UTF-8"?>
<!-- Generated by org.testng.reporters.JUnitXMLReporter -->
<testsuite hostname="DD5B-D-1CFJWQ1" name="Test" tests="21" failures="7" timestamp="28 Sep 2016 09:28:16 GMT" time="1028.764" errors="0">
  <testcase name="Guest_Account_Logout" time="15.659" classname="r09_SignupandLogin_Chrome.Trident_Guest_Account_Logout_85621">
    <failure type="org.openqa.selenium.NoSuchElementException" message="no such element: Unable to locate element: {&amp;quot;method&amp;quot;:&amp;quot;css selector&amp;quot;,&amp;quot;selector&amp;quot;:&amp;quot;#login &amp;gt; div &amp;gt; div.introduction__bubbles___2siLn &amp;gt; div &amp;gt; div &amp;gt; div.login__fields___2T_LR &amp;gt; div:nth-child(3) &amp;gt; button &amp;gt; div &amp;gt; div &amp;gt; span&amp;quot;}
  (Session info: chrome=53.0.2785.116)
  (Driver info: chromedriver=2.22.397933 (1cab651507b88dec79b2b2a22d1943c01833cc1b),platform=Windows NT 6.1.7601 SP1 x86_64) (WARNING: The server did not provide any stacktrace information)
Command duration or timeout: 10.14 seconds
For documentation on this error, please visit: http://seleniumhq.org/exceptions/no_such_element.html
Build info: version: &amp;apos;2.53.1&amp;apos;, revision: &amp;apos;a36b8b1cd5757287168e54b817830adce9b0158d&amp;apos;, time: &amp;apos;2016-06-30 19:26:09&amp;apos;
System info: host: &amp;apos;DD5B-D-1CFJWQ1&amp;apos;, ip: &amp;apos;10.244.31.227&amp;apos;, os.name: &amp;apos;Windows 7&amp;apos;, os.arch: &amp;apos;amd64&amp;apos;, os.version: &amp;apos;6.1&amp;apos;, java.version: &amp;apos;1.8.0_91&amp;apos;
Driver info: org.openqa.selenium.chrome.ChromeDriver
Capabilities [{applicationCacheEnabled=false, rotatable=false, mobileEmulationEnabled=false, chrome={chromedriverVersion=2.22.397933 (1cab651507b88dec79b2b2a22d1943c01833cc1b), userDataDir=C:\Users\RISHIA~1.GAR\AppData\Local\Temp\scoped_dir5236_4617}, takesHeapSnapshot=true, databaseEnabled=false, handlesAlerts=true, hasTouchScreen=false, version=53.0.2785.116, platform=XP, browserConnectionEnabled=false, nativeEvents=true, acceptSslCerts=true, locationContextEnabled=true, webStorageEnabled=true, browserName=chrome, takesScreenshot=true, javascriptEnabled=true, cssSelectorsEnabled=true}]
Session ID: 23a84e9da49b412d7df06b1e834eaf6c
*** Element info: {Using=css selector, value=#login &amp;gt; div &amp;gt; div.introduction__bubbles___2siLn &amp;gt; div &amp;gt; div &amp;gt; div.login__fields___2T_LR &amp;gt; div:nth-child(3) &amp;gt; button &amp;gt; div &amp;gt; div &amp;gt; span}">
      <![CDATA[org.openqa.selenium.NoSuchElementException: no such element: Unable to locate element: {"method":"css selector","selector":"#login > div > div.introduction__bubbles___2siLn > div > div > div.login__fields___2T_LR > div:nth-child(3) > button > div > div > span"}
  (Session info: chrome=53.0.2785.116)
  (Driver info: chromedriver=2.22.397933 (1cab651507b88dec79b2b2a22d1943c01833cc1b),platform=Windows NT 6.1.7601 SP1 x86_64) (WARNING: The server did not provide any stacktrace information)
Command duration or timeout: 10.14 seconds
For documentation on this error, please visit: http://seleniumhq.org/exceptions/no_such_element.html
Build info: version: '2.53.1', revision: 'a36b8b1cd5757287168e54b817830adce9b0158d', time: '2016-06-30 19:26:09'
System info: host: 'DD5B-D-1CFJWQ1', ip: '10.244.31.227', os.name: 'Windows 7', os.arch: 'amd64', os.version: '6.1', java.version: '1.8.0_91'
Driver info: org.openqa.selenium.chrome.ChromeDriver
Capabilities [{applicationCacheEnabled=false, rotatable=false, mobileEmulationEnabled=false, chrome={chromedriverVersion=2.22.397933 (1cab651507b88dec79b2b2a22d1943c01833cc1b), userDataDir=C:\Users\RISHIA~1.GAR\AppData\Local\Temp\scoped_dir5236_4617}, takesHeapSnapshot=true, databaseEnabled=false, handlesAlerts=true, hasTouchScreen=false, version=53.0.2785.116, platform=XP, browserConnectionEnabled=false, nativeEvents=true, acceptSslCerts=true, locationContextEnabled=true, webStorageEnabled=true, browserName=chrome, takesScreenshot=true, javascriptEnabled=true, cssSelectorsEnabled=true}]
Session ID: 23a84e9da49b412d7df06b1e834eaf6c
*** Element info: {Using=css selector, value=#login > div > div.introduction__bubbles___2siLn > div > div > div.login__fields___2T_LR > div:nth-child(3) > button > div > div > span}
	at org.openqa.selenium.remote.ErrorHandler.createThrowable(ErrorHandler.java:206)
	at org.openqa.selenium.remote.ErrorHandler.throwIfResponseFailed(ErrorHandler.java:158)
	at org.openqa.selenium.remote.RemoteWebDriver.execute(RemoteWebDriver.java:678)
	at org.openqa.selenium.remote.RemoteWebDriver.findElement(RemoteWebDriver.java:363)
	at org.openqa.selenium.remote.RemoteWebDriver.findElementByCssSelector(RemoteWebDriver.java:492)
	at org.openqa.selenium.By$ByCssSelector.findElement(By.java:430)
	at org.openqa.selenium.remote.RemoteWebDriver.findElement(RemoteWebDriver.java:355)
	at application_Model.SignUpPageModel.forgotpassword(SignUpPageModel.java:202)
	at application_Controller.SignUpPageController.getforgotpassword(SignUpPageController.java:246)
	at r09_SignupandLogin_Chrome.Trident_Guest_Account_Logout_85621.Guest_Account_Logout(Trident_Guest_Account_Logout_85621.java:44)
... Removed 29 stack frames]]>
    </failure>
  </testcase> <!-- Guest_Account_Logout -->
  <testcase name="Login_Page_EmailAddress_Incorrect" time="2.712" classname="r09_SignupandLogin_Chrome.Trident_Login_Page_EmailAddress_Incorrect_85683"/>
  <testcase name="Login_Page_EmailAddress_Not_Registered" time="5.523" classname="r09_SignupandLogin_Chrome.Trident_Login_Page_EmailAddress_Not_Registered_85681"/>
  <testcase name="Login_Page_Enter_Email_with_RememberMe" time="27.405" classname="r09_SignupandLogin_Chrome.Trident_Login_Page_Enter_Email_with_RememberMe_85684">
    <failure type="org.openqa.selenium.InvalidSelectorException" message="invalid selector: Compound class names not permitted
  (Session info: chrome=53.0.2785.116)
  (Driver info: chromedriver=2.22.397933 (1cab651507b88dec79b2b2a22d1943c01833cc1b),platform=Windows NT 6.1.7601 SP1 x86_64) (WARNING: The server did not provide any stacktrace information)
Command duration or timeout: 38 milliseconds
For documentation on this error, please visit: http://seleniumhq.org/exceptions/invalid_selector_exception.html
Build info: version: &amp;apos;2.53.1&amp;apos;, revision: &amp;apos;a36b8b1cd5757287168e54b817830adce9b0158d&amp;apos;, time: &amp;apos;2016-06-30 19:26:09&amp;apos;
System info: host: &amp;apos;DD5B-D-1CFJWQ1&amp;apos;, ip: &amp;apos;10.244.31.227&amp;apos;, os.name: &amp;apos;Windows 7&amp;apos;, os.arch: &amp;apos;amd64&amp;apos;, os.version: &amp;apos;6.1&amp;apos;, java.version: &amp;apos;1.8.0_91&amp;apos;
Driver info: org.openqa.selenium.chrome.ChromeDriver
Capabilities [{applicationCacheEnabled=false, rotatable=false, mobileEmulationEnabled=false, chrome={chromedriverVersion=2.22.397933 (1cab651507b88dec79b2b2a22d1943c01833cc1b), userDataDir=C:\Users\RISHIA~1.GAR\AppData\Local\Temp\scoped_dir19248_31519}, takesHeapSnapshot=true, databaseEnabled=false, handlesAlerts=true, hasTouchScreen=false, version=53.0.2785.116, platform=XP, browserConnectionEnabled=false, nativeEvents=true, acceptSslCerts=true, locationContextEnabled=true, webStorageEnabled=true, browserName=chrome, takesScreenshot=true, javascriptEnabled=true, cssSelectorsEnabled=true}]
Session ID: 3f49d613f55be99aaef833d166366c05
*** Element info: {Using=class name, value=signout-link subnav-link}">
      <![CDATA[org.openqa.selenium.InvalidSelectorException: invalid selector: Compound class names not permitted
  (Session info: chrome=53.0.2785.116)
  (Driver info: chromedriver=2.22.397933 (1cab651507b88dec79b2b2a22d1943c01833cc1b),platform=Windows NT 6.1.7601 SP1 x86_64) (WARNING: The server did not provide any stacktrace information)
Command duration or timeout: 38 milliseconds
For documentation on this error, please visit: http://seleniumhq.org/exceptions/invalid_selector_exception.html
Build info: version: '2.53.1', revision: 'a36b8b1cd5757287168e54b817830adce9b0158d', time: '2016-06-30 19:26:09'
System info: host: 'DD5B-D-1CFJWQ1', ip: '10.244.31.227', os.name: 'Windows 7', os.arch: 'amd64', os.version: '6.1', java.version: '1.8.0_91'
Driver info: org.openqa.selenium.chrome.ChromeDriver
Capabilities [{applicationCacheEnabled=false, rotatable=false, mobileEmulationEnabled=false, chrome={chromedriverVersion=2.22.397933 (1cab651507b88dec79b2b2a22d1943c01833cc1b), userDataDir=C:\Users\RISHIA~1.GAR\AppData\Local\Temp\scoped_dir19248_31519}, takesHeapSnapshot=true, databaseEnabled=false, handlesAlerts=true, hasTouchScreen=false, version=53.0.2785.116, platform=XP, browserConnectionEnabled=false, nativeEvents=true, acceptSslCerts=true, locationContextEnabled=true, webStorageEnabled=true, browserName=chrome, takesScreenshot=true, javascriptEnabled=true, cssSelectorsEnabled=true}]
Session ID: 3f49d613f55be99aaef833d166366c05
*** Element info: {Using=class name, value=signout-link subnav-link}
	at org.openqa.selenium.remote.ErrorHandler.createThrowable(ErrorHandler.java:206)
	at org.openqa.selenium.remote.ErrorHandler.throwIfResponseFailed(ErrorHandler.java:158)
	at org.openqa.selenium.remote.RemoteWebDriver.execute(RemoteWebDriver.java:678)
	at org.openqa.selenium.remote.RemoteWebDriver.findElement(RemoteWebDriver.java:363)
	at org.openqa.selenium.remote.RemoteWebDriver.findElementByClassName(RemoteWebDriver.java:477)
	at org.openqa.selenium.By$ByClassName.findElement(By.java:391)
	at org.openqa.selenium.remote.RemoteWebDriver.findElement(RemoteWebDriver.java:355)
	at application_Model.ProfilePageModel.logout(ProfilePageModel.java:51)
	at application_Controller.ProfilePageController.clicklogout(ProfilePageController.java:79)
	at r09_SignupandLogin_Chrome.Trident_Login_Page_Enter_Email_with_RememberMe_85684.Login_Page_Enter_Email_with_RememberMe(Trident_Login_Page_Enter_Email_with_RememberMe_85684.java:39)
... Removed 29 stack frames]]>
    </failure>
  </testcase> <!-- Login_Page_Enter_Email_with_RememberMe -->
  <testcase name="Login_Page_HomeScreen" time="11.85" classname="r09_SignupandLogin_Chrome.Trident_Login_Page_HomeScreen_85687"/>
  <testcase name="Login_Page_Login_PassAndRememberMe_Check" time="2.492" classname="r09_SignupandLogin_Chrome.Trident_Login_Page_Login_PassAndRememberMe_Check_85686"/>
  <testcase name="Trident_Login_PageLogin_with_Email_address" time="2.553" classname="r09_SignupandLogin_Chrome.Trident_Login_Page_Login_with_Email_address_85678"/>
  <testcase name="Trident_Login_Page_Login_without_RememberMe" time="2.363" classname="r09_SignupandLogin_Chrome.Trident_Login_Page_Login_without_RememberMe_85685"/>
  <testcase name="PasswordAndNoUsername" time="2.102" classname="r09_SignupandLogin_Chrome.Trident_Login_Page_Only_Password_85679"/>
  <testcase name="Trident_Login_Page_ValidateUI" time="0.745" classname="r09_SignupandLogin_Chrome.Trident_Login_Page_ValidateUI_85677"/>
  <testcase name="Profile_change_Password" time="0.003" classname="r09_SignupandLogin_Chrome.Trident_Profile_change_Password_85626">
    <failure type="java.lang.AssertionError" message="expected [no] but found [yes]">
      <![CDATA[java.lang.AssertionError: expected [no] but found [yes]
	at r09_SignupandLogin_Chrome.Trident_Profile_change_Password_85626.Profile_change_Password(Trident_Profile_change_Password_85626.java:32)
... Removed 31 stack frames]]>
    </failure>
  </testcase> <!-- Profile_change_Password -->
  <testcase name="Profile_change_Password_DataMismatch_Error" time="0.002" classname="r09_SignupandLogin_Chrome.Trident_Profile_change_Password_DataMismatch_Error_85627">
    <failure type="java.lang.AssertionError" message="expected [no] but found [yes]">
      <![CDATA[java.lang.AssertionError: expected [no] but found [yes]
	at r09_SignupandLogin_Chrome.Trident_Profile_change_Password_DataMismatch_Error_85627.Profile_change_Password_DataMismatch_Error(Trident_Profile_change_Password_DataMismatch_Error_85627.java:33)
... Removed 31 stack frames]]>
    </failure>
  </testcase> <!-- Profile_change_Password_DataMismatch_Error -->
  <testcase name="Profile_change_UserName_Duplicate_Email" time="0.001" classname="r09_SignupandLogin_Chrome.Trident_Profile_change_UserName_Duplicate_Email_85625">
    <failure type="java.lang.AssertionError" message="expected [no] but found [yes]">
      <![CDATA[java.lang.AssertionError: expected [no] but found [yes]
	at r09_SignupandLogin_Chrome.Trident_Profile_change_UserName_Duplicate_Email_85625.Profile_change_UserName_Duplicate_Email(Trident_Profile_change_UserName_Duplicate_Email_85625.java:33)
... Removed 31 stack frames]]>
    </failure>
  </testcase> <!-- Profile_change_UserName_Duplicate_Email -->
  <testcase name="Profile_change_UserName_EmailValidation" time="0.004" classname="r09_SignupandLogin_Chrome.Trident_Profile_change_UserName_EmailValidation_85623">
    <failure type="java.lang.AssertionError" message="expected [no] but found [yes]">
      <![CDATA[java.lang.AssertionError: expected [no] but found [yes]
	at r09_SignupandLogin_Chrome.Trident_Profile_change_UserName_EmailValidation_85623.Profile_change_UserName_EmailValidation(Trident_Profile_change_UserName_EmailValidation_85623.java:33)
... Removed 31 stack frames]]>
    </failure>
  </testcase> <!-- Profile_change_UserName_EmailValidation -->
  <testcase name="Profile_change_UserName_Incorrect_Email" time="12.49" classname="r09_SignupandLogin_Chrome.Trident_Profile_change_UserName_Incorrect_Email_85624">
    <failure type="org.openqa.selenium.NoSuchElementException" message="no such element: Unable to locate element: {&amp;quot;method&amp;quot;:&amp;quot;css selector&amp;quot;,&amp;quot;selector&amp;quot;:&amp;quot;a.primary-button.taste-profile-button&amp;quot;}
  (Session info: chrome=53.0.2785.116)
  (Driver info: chromedriver=2.22.397933 (1cab651507b88dec79b2b2a22d1943c01833cc1b),platform=Windows NT 6.1.7601 SP1 x86_64) (WARNING: The server did not provide any stacktrace information)
Command duration or timeout: 10.08 seconds
For documentation on this error, please visit: http://seleniumhq.org/exceptions/no_such_element.html
Build info: version: &amp;apos;2.53.1&amp;apos;, revision: &amp;apos;a36b8b1cd5757287168e54b817830adce9b0158d&amp;apos;, time: &amp;apos;2016-06-30 19:26:09&amp;apos;
System info: host: &amp;apos;DD5B-D-1CFJWQ1&amp;apos;, ip: &amp;apos;10.244.31.227&amp;apos;, os.name: &amp;apos;Windows 7&amp;apos;, os.arch: &amp;apos;amd64&amp;apos;, os.version: &amp;apos;6.1&amp;apos;, java.version: &amp;apos;1.8.0_91&amp;apos;
Driver info: org.openqa.selenium.chrome.ChromeDriver
Capabilities [{applicationCacheEnabled=false, rotatable=false, mobileEmulationEnabled=false, chrome={chromedriverVersion=2.22.397933 (1cab651507b88dec79b2b2a22d1943c01833cc1b), userDataDir=C:\Users\RISHIA~1.GAR\AppData\Local\Temp\scoped_dir15356_19710}, takesHeapSnapshot=true, databaseEnabled=false, handlesAlerts=true, hasTouchScreen=false, version=53.0.2785.116, platform=XP, browserConnectionEnabled=false, nativeEvents=true, acceptSslCerts=true, locationContextEnabled=true, webStorageEnabled=true, browserName=chrome, takesScreenshot=true, javascriptEnabled=true, cssSelectorsEnabled=true}]
Session ID: 9622de38a0dc570317ad9a5e085458ec
*** Element info: {Using=css selector, value=a.primary-button.taste-profile-button}">
      <![CDATA[org.openqa.selenium.NoSuchElementException: no such element: Unable to locate element: {"method":"css selector","selector":"a.primary-button.taste-profile-button"}
  (Session info: chrome=53.0.2785.116)
  (Driver info: chromedriver=2.22.397933 (1cab651507b88dec79b2b2a22d1943c01833cc1b),platform=Windows NT 6.1.7601 SP1 x86_64) (WARNING: The server did not provide any stacktrace information)
Command duration or timeout: 10.08 seconds
For documentation on this error, please visit: http://seleniumhq.org/exceptions/no_such_element.html
Build info: version: '2.53.1', revision: 'a36b8b1cd5757287168e54b817830adce9b0158d', time: '2016-06-30 19:26:09'
System info: host: 'DD5B-D-1CFJWQ1', ip: '10.244.31.227', os.name: 'Windows 7', os.arch: 'amd64', os.version: '6.1', java.version: '1.8.0_91'
Driver info: org.openqa.selenium.chrome.ChromeDriver
Capabilities [{applicationCacheEnabled=false, rotatable=false, mobileEmulationEnabled=false, chrome={chromedriverVersion=2.22.397933 (1cab651507b88dec79b2b2a22d1943c01833cc1b), userDataDir=C:\Users\RISHIA~1.GAR\AppData\Local\Temp\scoped_dir15356_19710}, takesHeapSnapshot=true, databaseEnabled=false, handlesAlerts=true, hasTouchScreen=false, version=53.0.2785.116, platform=XP, browserConnectionEnabled=false, nativeEvents=true, acceptSslCerts=true, locationContextEnabled=true, webStorageEnabled=true, browserName=chrome, takesScreenshot=true, javascriptEnabled=true, cssSelectorsEnabled=true}]
Session ID: 9622de38a0dc570317ad9a5e085458ec
*** Element info: {Using=css selector, value=a.primary-button.taste-profile-button}
	at org.openqa.selenium.remote.ErrorHandler.createThrowable(ErrorHandler.java:206)
	at org.openqa.selenium.remote.ErrorHandler.throwIfResponseFailed(ErrorHandler.java:158)
	at org.openqa.selenium.remote.RemoteWebDriver.execute(RemoteWebDriver.java:678)
	at org.openqa.selenium.remote.RemoteWebDriver.findElement(RemoteWebDriver.java:363)
	at org.openqa.selenium.remote.RemoteWebDriver.findElementByCssSelector(RemoteWebDriver.java:492)
	at org.openqa.selenium.By$ByCssSelector.findElement(By.java:430)
	at org.openqa.selenium.remote.RemoteWebDriver.findElement(RemoteWebDriver.java:355)
	at application_Model.ProfilePageModel.interestsButton(ProfilePageModel.java:11)
	at application_Controller.ProfilePageController.interestButtonExists(ProfilePageController.java:29)
	at r09_SignupandLogin_Chrome.Trident_Profile_change_UserName_Incorrect_Email_85624.Profile_change_UserName_Incorrect_Email(Trident_Profile_change_UserName_Incorrect_Email_85624.java:36)
... Removed 29 stack frames]]>
    </failure>
  </testcase> <!-- Profile_change_UserName_Incorrect_Email -->
  <testcase name="SignupPage_Multiple_Field_Blank" time="2.19" classname="r09_SignupandLogin_Chrome.Trident_SignupPage_Blank_Field_Validation_85633"/>
  <testcase name="SignupPage_Complete_SignUp" time="2.826" classname="r09_SignupandLogin_Chrome.Trident_SignupPage_Complete_SignUp_85634"/>
  <testcase name="SignupPage_Field_Validations" time="0.731" classname="r09_SignupandLogin_Chrome.Trident_SignupPage_Field_Validations_85629"/>
  <testcase name="SignupPage_Invalid_Email_Address" time="2.59" classname="r09_SignupandLogin_Chrome.Trident_SignupPage_Invalid_Email_Address_85630"/>
  <testcase name="SignupPage_Invalid_First_Name" time="2.513" classname="r09_SignupandLogin_Chrome.Trident_SignupPage_Invalid_First_Name_85631"/>
  <testcase name="SignupPage_Invalid_Last_Name" time="2.788" classname="r09_SignupandLogin_Chrome.Trident_SignupPage_Invalid_Last_Name_85632"/>
</testsuite> <!-- Test -->
