<html>
<head>
<title>TestNG:  Test</title>
<link href="../testng.css" rel="stylesheet" type="text/css" />
<link href="../my-testng.css" rel="stylesheet" type="text/css" />

<style type="text/css">
.log { display: none;} 
.stack-trace { display: none;} 
</style>
<script type="text/javascript">
<!--
function flip(e) {
  current = e.style.display;
  if (current == 'block') {
    e.style.display = 'none';
    return 0;
  }
  else {
    e.style.display = 'block';
    return 1;
  }
}

function toggleBox(szDivId, elem, msg1, msg2)
{
  var res = -1;  if (document.getElementById) {
    res = flip(document.getElementById(szDivId));
  }
  else if (document.all) {
    // this is the way old msie versions work
    res = flip(document.all[szDivId]);
  }
  if(elem) {
    if(res == 0) elem.innerHTML = msg1; else elem.innerHTML = msg2;
  }

}

function toggleAllBoxes() {
  if (document.getElementsByTagName) {
    d = document.getElementsByTagName('div');
    for (i = 0; i < d.length; i++) {
      if (d[i].className == 'log') {
        flip(d[i]);
      }
    }
  }
}

// -->
</script>

</head>
<body>
<h2 align='center'>Test</h2><table border='1' align="center">
<tr>
<td>Tests passed/Failed/Skipped:</td><td>14/7/0</td>
</tr><tr>
<td>Started on:</td><td>Wed Sep 28 14:41:07 IST 2016</td>
</tr>
<tr><td>Total time:</td><td>1028 seconds (1028764 ms)</td>
</tr><tr>
<td>Included groups:</td><td></td>
</tr><tr>
<td>Excluded groups:</td><td></td>
</tr>
</table><p/>
<small><i>(Hover the method name to see the test class name)</i></small><p/>
<table width='100%' border='1' class='invocation-failed'>
<tr><td colspan='4' align='center'><b>FAILED TESTS</b></td></tr>
<tr><td><b>Test method</b></td>
<td width="30%"><b>Exception</b></td>
<td width="10%"><b>Time (seconds)</b></td>
<td><b>Instance</b></td>
</tr>
<tr>
<td title='r09_SignupandLogin_Chrome.Trident_Guest_Account_Logout_85621.Guest_Account_Logout()'><b>Guest_Account_Logout</b><br>Test class: r09_SignupandLogin_Chrome.Trident_Guest_Account_Logout_85621</td>
<td><div><pre>org.openqa.selenium.NoSuchElementException: no such element: Unable to locate element: {&quot;method&quot;:&quot;css selector&quot;,&quot;selector&quot;:&quot;#login &gt; div &gt; div.introduction__bubbles___2siLn &gt; div &gt; div &gt; div.login__fields___2T_LR &gt; div:nth-child(3) &gt; button &gt; div &gt; div &gt; span&quot;}
  (Session info: chrome=53.0.2785.116)
  (Driver info: chromedriver=2.22.397933 (1cab651507b88dec79b2b2a22d1943c01833cc1b),platform=Windows NT 6.1.7601 SP1 x86_64) (WARNING: The server did not provide any stacktrace information)
Command duration or timeout: 10.14 seconds
For documentation on this error, please visit: http://seleniumhq.org/exceptions/no_such_element.html
Build info: version: &apos;2.53.1&apos;, revision: &apos;a36b8b1cd5757287168e54b817830adce9b0158d&apos;, time: &apos;2016-06-30 19:26:09&apos;
System info: host: &apos;DD5B-D-1CFJWQ1&apos;, ip: &apos;10.244.31.227&apos;, os.name: &apos;Windows 7&apos;, os.arch: &apos;amd64&apos;, os.version: &apos;6.1&apos;, java.version: &apos;1.8.0_91&apos;
Driver info: org.openqa.selenium.chrome.ChromeDriver
Capabilities [{applicationCacheEnabled=false, rotatable=false, mobileEmulationEnabled=false, chrome={chromedriverVersion=2.22.397933 (1cab651507b88dec79b2b2a22d1943c01833cc1b), userDataDir=C:\Users\RISHIA~1.GAR\AppData\Local\Temp\scoped_dir5236_4617}, takesHeapSnapshot=true, databaseEnabled=false, handlesAlerts=true, hasTouchScreen=false, version=53.0.2785.116, platform=XP, browserConnectionEnabled=false, nativeEvents=true, acceptSslCerts=true, locationContextEnabled=true, webStorageEnabled=true, browserName=chrome, takesScreenshot=true, javascriptEnabled=true, cssSelectorsEnabled=true}]
Session ID: 23a84e9da49b412d7df06b1e834eaf6c
*** Element info: {Using=css selector, value=#login &gt; div &gt; div.introduction__bubbles___2siLn &gt; div &gt; div &gt; div.login__fields___2T_LR &gt; div:nth-child(3) &gt; button &gt; div &gt; div &gt; span}
	at org.openqa.selenium.remote.ErrorHandler.createThrowable(ErrorHandler.java:206)
	at org.openqa.selenium.remote.ErrorHandler.throwIfResponseFailed(ErrorHandler.java:158)
	at org.openqa.selenium.remote.RemoteWebDriver.execute(RemoteWebDriver.java:678)
	at org.openqa.selenium.remote.RemoteWebDriver.findElement(RemoteWebDriver.java:363)
	at org.openqa.selenium.remote.RemoteWebDriver.findElementByCssSelector(RemoteWebDriver.java:492)
	at org.openqa.selenium.By$ByCssSelector.findElement(By.java:430)
	at org.openqa.selenium.remote.RemoteWebDriver.findElement(RemoteWebDriver.java:355)
	at application_Model.SignUpPageModel.forgotpassword(SignUpPageModel.java:202)
	at application_Controller.SignUpPageController.getforgotpassword(SignUpPageController.java:246)
	at r09_SignupandLogin_Chrome.Trident_Guest_Account_Logout_85621.Guest_Account_Logout(Trident_Guest_Account_Logout_85621.java:44)
... Removed 29 stack frames</pre></div><a href='#' onClick='toggleBox("stack-trace288379405", this, "Click to show all stack frames", "Click to hide stack frames")'>Click to show all stack frames</a>
<div class='stack-trace' id='stack-trace288379405'><pre>org.openqa.selenium.NoSuchElementException: no such element: Unable to locate element: {&quot;method&quot;:&quot;css selector&quot;,&quot;selector&quot;:&quot;#login &gt; div &gt; div.introduction__bubbles___2siLn &gt; div &gt; div &gt; div.login__fields___2T_LR &gt; div:nth-child(3) &gt; button &gt; div &gt; div &gt; span&quot;}
  (Session info: chrome=53.0.2785.116)
  (Driver info: chromedriver=2.22.397933 (1cab651507b88dec79b2b2a22d1943c01833cc1b),platform=Windows NT 6.1.7601 SP1 x86_64) (WARNING: The server did not provide any stacktrace information)
Command duration or timeout: 10.14 seconds
For documentation on this error, please visit: http://seleniumhq.org/exceptions/no_such_element.html
Build info: version: &apos;2.53.1&apos;, revision: &apos;a36b8b1cd5757287168e54b817830adce9b0158d&apos;, time: &apos;2016-06-30 19:26:09&apos;
System info: host: &apos;DD5B-D-1CFJWQ1&apos;, ip: &apos;10.244.31.227&apos;, os.name: &apos;Windows 7&apos;, os.arch: &apos;amd64&apos;, os.version: &apos;6.1&apos;, java.version: &apos;1.8.0_91&apos;
Driver info: org.openqa.selenium.chrome.ChromeDriver
Capabilities [{applicationCacheEnabled=false, rotatable=false, mobileEmulationEnabled=false, chrome={chromedriverVersion=2.22.397933 (1cab651507b88dec79b2b2a22d1943c01833cc1b), userDataDir=C:\Users\RISHIA~1.GAR\AppData\Local\Temp\scoped_dir5236_4617}, takesHeapSnapshot=true, databaseEnabled=false, handlesAlerts=true, hasTouchScreen=false, version=53.0.2785.116, platform=XP, browserConnectionEnabled=false, nativeEvents=true, acceptSslCerts=true, locationContextEnabled=true, webStorageEnabled=true, browserName=chrome, takesScreenshot=true, javascriptEnabled=true, cssSelectorsEnabled=true}]
Session ID: 23a84e9da49b412d7df06b1e834eaf6c
*** Element info: {Using=css selector, value=#login &gt; div &gt; div.introduction__bubbles___2siLn &gt; div &gt; div &gt; div.login__fields___2T_LR &gt; div:nth-child(3) &gt; button &gt; div &gt; div &gt; span}
	at sun.reflect.NativeConstructorAccessorImpl.newInstance0(Native Method)
	at sun.reflect.NativeConstructorAccessorImpl.newInstance(Unknown Source)
	at sun.reflect.DelegatingConstructorAccessorImpl.newInstance(Unknown Source)
	at java.lang.reflect.Constructor.newInstance(Unknown Source)
	at org.openqa.selenium.remote.ErrorHandler.createThrowable(ErrorHandler.java:206)
	at org.openqa.selenium.remote.ErrorHandler.throwIfResponseFailed(ErrorHandler.java:158)
	at org.openqa.selenium.remote.RemoteWebDriver.execute(RemoteWebDriver.java:678)
	at org.openqa.selenium.remote.RemoteWebDriver.findElement(RemoteWebDriver.java:363)
	at org.openqa.selenium.remote.RemoteWebDriver.findElementByCssSelector(RemoteWebDriver.java:492)
	at org.openqa.selenium.By$ByCssSelector.findElement(By.java:430)
	at org.openqa.selenium.remote.RemoteWebDriver.findElement(RemoteWebDriver.java:355)
	at application_Model.SignUpPageModel.forgotpassword(SignUpPageModel.java:202)
	at application_Controller.SignUpPageController.getforgotpassword(SignUpPageController.java:246)
	at r09_SignupandLogin_Chrome.Trident_Guest_Account_Logout_85621.Guest_Account_Logout(Trident_Guest_Account_Logout_85621.java:44)
	at sun.reflect.NativeMethodAccessorImpl.invoke0(Native Method)
	at sun.reflect.NativeMethodAccessorImpl.invoke(Unknown Source)
	at sun.reflect.DelegatingMethodAccessorImpl.invoke(Unknown Source)
	at java.lang.reflect.Method.invoke(Unknown Source)
	at org.testng.internal.MethodInvocationHelper.invokeMethod(MethodInvocationHelper.java:100)
	at org.testng.internal.Invoker.invokeMethod(Invoker.java:646)
	at org.testng.internal.Invoker.invokeTestMethod(Invoker.java:811)
	at org.testng.internal.Invoker.invokeTestMethods(Invoker.java:1129)
	at org.testng.internal.TestMethodWorker.invokeTestMethods(TestMethodWorker.java:129)
	at org.testng.internal.TestMethodWorker.run(TestMethodWorker.java:112)
	at org.testng.TestRunner.privateRun(TestRunner.java:746)
	at org.testng.TestRunner.run(TestRunner.java:600)
	at org.testng.SuiteRunner.runTest(SuiteRunner.java:366)
	at org.testng.SuiteRunner.runSequentially(SuiteRunner.java:361)
	at org.testng.SuiteRunner.privateRun(SuiteRunner.java:319)
	at org.testng.SuiteRunner.run(SuiteRunner.java:268)
	at org.testng.SuiteRunnerWorker.runSuite(SuiteRunnerWorker.java:52)
	at org.testng.SuiteRunnerWorker.run(SuiteRunnerWorker.java:86)
	at org.testng.TestNG.runSuitesSequentially(TestNG.java:1264)
	at org.testng.TestNG.runSuitesLocally(TestNG.java:1189)
	at org.testng.TestNG.runSuites(TestNG.java:1104)
	at org.testng.TestNG.run(TestNG.java:1076)
	at org.testng.remote.AbstractRemoteTestNG.run(AbstractRemoteTestNG.java:126)
	at org.testng.remote.RemoteTestNG.initAndRun(RemoteTestNG.java:152)
	at org.testng.remote.RemoteTestNG.main(RemoteTestNG.java:57)
</pre></div></td>
<td>15</td>
<td>r09_SignupandLogin_Chrome.Trident_Guest_Account_Logout_85621@71bbf57e</td></tr>
<tr>
<td title='r09_SignupandLogin_Chrome.Trident_Login_Page_Enter_Email_with_RememberMe_85684.Login_Page_Enter_Email_with_RememberMe()'><b>Login_Page_Enter_Email_with_RememberMe</b><br>Test class: r09_SignupandLogin_Chrome.Trident_Login_Page_Enter_Email_with_RememberMe_85684</td>
<td><div><pre>org.openqa.selenium.InvalidSelectorException: invalid selector: Compound class names not permitted
  (Session info: chrome=53.0.2785.116)
  (Driver info: chromedriver=2.22.397933 (1cab651507b88dec79b2b2a22d1943c01833cc1b),platform=Windows NT 6.1.7601 SP1 x86_64) (WARNING: The server did not provide any stacktrace information)
Command duration or timeout: 38 milliseconds
For documentation on this error, please visit: http://seleniumhq.org/exceptions/invalid_selector_exception.html
Build info: version: &apos;2.53.1&apos;, revision: &apos;a36b8b1cd5757287168e54b817830adce9b0158d&apos;, time: &apos;2016-06-30 19:26:09&apos;
System info: host: &apos;DD5B-D-1CFJWQ1&apos;, ip: &apos;10.244.31.227&apos;, os.name: &apos;Windows 7&apos;, os.arch: &apos;amd64&apos;, os.version: &apos;6.1&apos;, java.version: &apos;1.8.0_91&apos;
Driver info: org.openqa.selenium.chrome.ChromeDriver
Capabilities [{applicationCacheEnabled=false, rotatable=false, mobileEmulationEnabled=false, chrome={chromedriverVersion=2.22.397933 (1cab651507b88dec79b2b2a22d1943c01833cc1b), userDataDir=C:\Users\RISHIA~1.GAR\AppData\Local\Temp\scoped_dir19248_31519}, takesHeapSnapshot=true, databaseEnabled=false, handlesAlerts=true, hasTouchScreen=false, version=53.0.2785.116, platform=XP, browserConnectionEnabled=false, nativeEvents=true, acceptSslCerts=true, locationContextEnabled=true, webStorageEnabled=true, browserName=chrome, takesScreenshot=true, javascriptEnabled=true, cssSelectorsEnabled=true}]
Session ID: 3f49d613f55be99aaef833d166366c05
*** Element info: {Using=class name, value=signout-link subnav-link}
	at org.openqa.selenium.remote.ErrorHandler.createThrowable(ErrorHandler.java:206)
	at org.openqa.selenium.remote.ErrorHandler.throwIfResponseFailed(ErrorHandler.java:158)
	at org.openqa.selenium.remote.RemoteWebDriver.execute(RemoteWebDriver.java:678)
	at org.openqa.selenium.remote.RemoteWebDriver.findElement(RemoteWebDriver.java:363)
	at org.openqa.selenium.remote.RemoteWebDriver.findElementByClassName(RemoteWebDriver.java:477)
	at org.openqa.selenium.By$ByClassName.findElement(By.java:391)
	at org.openqa.selenium.remote.RemoteWebDriver.findElement(RemoteWebDriver.java:355)
	at application_Model.ProfilePageModel.logout(ProfilePageModel.java:51)
	at application_Controller.ProfilePageController.clicklogout(ProfilePageController.java:79)
	at r09_SignupandLogin_Chrome.Trident_Login_Page_Enter_Email_with_RememberMe_85684.Login_Page_Enter_Email_with_RememberMe(Trident_Login_Page_Enter_Email_with_RememberMe_85684.java:39)
... Removed 29 stack frames</pre></div><a href='#' onClick='toggleBox("stack-trace1080476785", this, "Click to show all stack frames", "Click to hide stack frames")'>Click to show all stack frames</a>
<div class='stack-trace' id='stack-trace1080476785'><pre>org.openqa.selenium.InvalidSelectorException: invalid selector: Compound class names not permitted
  (Session info: chrome=53.0.2785.116)
  (Driver info: chromedriver=2.22.397933 (1cab651507b88dec79b2b2a22d1943c01833cc1b),platform=Windows NT 6.1.7601 SP1 x86_64) (WARNING: The server did not provide any stacktrace information)
Command duration or timeout: 38 milliseconds
For documentation on this error, please visit: http://seleniumhq.org/exceptions/invalid_selector_exception.html
Build info: version: &apos;2.53.1&apos;, revision: &apos;a36b8b1cd5757287168e54b817830adce9b0158d&apos;, time: &apos;2016-06-30 19:26:09&apos;
System info: host: &apos;DD5B-D-1CFJWQ1&apos;, ip: &apos;10.244.31.227&apos;, os.name: &apos;Windows 7&apos;, os.arch: &apos;amd64&apos;, os.version: &apos;6.1&apos;, java.version: &apos;1.8.0_91&apos;
Driver info: org.openqa.selenium.chrome.ChromeDriver
Capabilities [{applicationCacheEnabled=false, rotatable=false, mobileEmulationEnabled=false, chrome={chromedriverVersion=2.22.397933 (1cab651507b88dec79b2b2a22d1943c01833cc1b), userDataDir=C:\Users\RISHIA~1.GAR\AppData\Local\Temp\scoped_dir19248_31519}, takesHeapSnapshot=true, databaseEnabled=false, handlesAlerts=true, hasTouchScreen=false, version=53.0.2785.116, platform=XP, browserConnectionEnabled=false, nativeEvents=true, acceptSslCerts=true, locationContextEnabled=true, webStorageEnabled=true, browserName=chrome, takesScreenshot=true, javascriptEnabled=true, cssSelectorsEnabled=true}]
Session ID: 3f49d613f55be99aaef833d166366c05
*** Element info: {Using=class name, value=signout-link subnav-link}
	at sun.reflect.NativeConstructorAccessorImpl.newInstance0(Native Method)
	at sun.reflect.NativeConstructorAccessorImpl.newInstance(Unknown Source)
	at sun.reflect.DelegatingConstructorAccessorImpl.newInstance(Unknown Source)
	at java.lang.reflect.Constructor.newInstance(Unknown Source)
	at org.openqa.selenium.remote.ErrorHandler.createThrowable(ErrorHandler.java:206)
	at org.openqa.selenium.remote.ErrorHandler.throwIfResponseFailed(ErrorHandler.java:158)
	at org.openqa.selenium.remote.RemoteWebDriver.execute(RemoteWebDriver.java:678)
	at org.openqa.selenium.remote.RemoteWebDriver.findElement(RemoteWebDriver.java:363)
	at org.openqa.selenium.remote.RemoteWebDriver.findElementByClassName(RemoteWebDriver.java:477)
	at org.openqa.selenium.By$ByClassName.findElement(By.java:391)
	at org.openqa.selenium.remote.RemoteWebDriver.findElement(RemoteWebDriver.java:355)
	at application_Model.ProfilePageModel.logout(ProfilePageModel.java:51)
	at application_Controller.ProfilePageController.clicklogout(ProfilePageController.java:79)
	at r09_SignupandLogin_Chrome.Trident_Login_Page_Enter_Email_with_RememberMe_85684.Login_Page_Enter_Email_with_RememberMe(Trident_Login_Page_Enter_Email_with_RememberMe_85684.java:39)
	at sun.reflect.NativeMethodAccessorImpl.invoke0(Native Method)
	at sun.reflect.NativeMethodAccessorImpl.invoke(Unknown Source)
	at sun.reflect.DelegatingMethodAccessorImpl.invoke(Unknown Source)
	at java.lang.reflect.Method.invoke(Unknown Source)
	at org.testng.internal.MethodInvocationHelper.invokeMethod(MethodInvocationHelper.java:100)
	at org.testng.internal.Invoker.invokeMethod(Invoker.java:646)
	at org.testng.internal.Invoker.invokeTestMethod(Invoker.java:811)
	at org.testng.internal.Invoker.invokeTestMethods(Invoker.java:1129)
	at org.testng.internal.TestMethodWorker.invokeTestMethods(TestMethodWorker.java:129)
	at org.testng.internal.TestMethodWorker.run(TestMethodWorker.java:112)
	at org.testng.TestRunner.privateRun(TestRunner.java:746)
	at org.testng.TestRunner.run(TestRunner.java:600)
	at org.testng.SuiteRunner.runTest(SuiteRunner.java:366)
	at org.testng.SuiteRunner.runSequentially(SuiteRunner.java:361)
	at org.testng.SuiteRunner.privateRun(SuiteRunner.java:319)
	at org.testng.SuiteRunner.run(SuiteRunner.java:268)
	at org.testng.SuiteRunnerWorker.runSuite(SuiteRunnerWorker.java:52)
	at org.testng.SuiteRunnerWorker.run(SuiteRunnerWorker.java:86)
	at org.testng.TestNG.runSuitesSequentially(TestNG.java:1264)
	at org.testng.TestNG.runSuitesLocally(TestNG.java:1189)
	at org.testng.TestNG.runSuites(TestNG.java:1104)
	at org.testng.TestNG.run(TestNG.java:1076)
	at org.testng.remote.AbstractRemoteTestNG.run(AbstractRemoteTestNG.java:126)
	at org.testng.remote.RemoteTestNG.initAndRun(RemoteTestNG.java:152)
	at org.testng.remote.RemoteTestNG.main(RemoteTestNG.java:57)
</pre></div></td>
<td>27</td>
<td>r09_SignupandLogin_Chrome.Trident_Login_Page_Enter_Email_with_RememberMe_85684@d44fc21</td></tr>
<tr>
<td title='r09_SignupandLogin_Chrome.Trident_Profile_change_Password_85626.Profile_change_Password()'><b>Profile_change_Password</b><br>Test class: r09_SignupandLogin_Chrome.Trident_Profile_change_Password_85626</td>
<td><div><pre>java.lang.AssertionError: expected [no] but found [yes]
	at r09_SignupandLogin_Chrome.Trident_Profile_change_Password_85626.Profile_change_Password(Trident_Profile_change_Password_85626.java:32)
... Removed 31 stack frames</pre></div><a href='#' onClick='toggleBox("stack-trace322561962", this, "Click to show all stack frames", "Click to hide stack frames")'>Click to show all stack frames</a>
<div class='stack-trace' id='stack-trace322561962'><pre>java.lang.AssertionError: expected [no] but found [yes]
	at org.testng.Assert.fail(Assert.java:94)
	at org.testng.Assert.failNotEquals(Assert.java:513)
	at org.testng.Assert.assertEqualsImpl(Assert.java:135)
	at org.testng.Assert.assertEquals(Assert.java:116)
	at org.testng.Assert.assertEquals(Assert.java:190)
	at org.testng.Assert.assertEquals(Assert.java:200)
	at r09_SignupandLogin_Chrome.Trident_Profile_change_Password_85626.Profile_change_Password(Trident_Profile_change_Password_85626.java:32)
	at sun.reflect.NativeMethodAccessorImpl.invoke0(Native Method)
	at sun.reflect.NativeMethodAccessorImpl.invoke(Unknown Source)
	at sun.reflect.DelegatingMethodAccessorImpl.invoke(Unknown Source)
	at java.lang.reflect.Method.invoke(Unknown Source)
	at org.testng.internal.MethodInvocationHelper.invokeMethod(MethodInvocationHelper.java:100)
	at org.testng.internal.Invoker.invokeMethod(Invoker.java:646)
	at org.testng.internal.Invoker.invokeTestMethod(Invoker.java:811)
	at org.testng.internal.Invoker.invokeTestMethods(Invoker.java:1129)
	at org.testng.internal.TestMethodWorker.invokeTestMethods(TestMethodWorker.java:129)
	at org.testng.internal.TestMethodWorker.run(TestMethodWorker.java:112)
	at org.testng.TestRunner.privateRun(TestRunner.java:746)
	at org.testng.TestRunner.run(TestRunner.java:600)
	at org.testng.SuiteRunner.runTest(SuiteRunner.java:366)
	at org.testng.SuiteRunner.runSequentially(SuiteRunner.java:361)
	at org.testng.SuiteRunner.privateRun(SuiteRunner.java:319)
	at org.testng.SuiteRunner.run(SuiteRunner.java:268)
	at org.testng.SuiteRunnerWorker.runSuite(SuiteRunnerWorker.java:52)
	at org.testng.SuiteRunnerWorker.run(SuiteRunnerWorker.java:86)
	at org.testng.TestNG.runSuitesSequentially(TestNG.java:1264)
	at org.testng.TestNG.runSuitesLocally(TestNG.java:1189)
	at org.testng.TestNG.runSuites(TestNG.java:1104)
	at org.testng.TestNG.run(TestNG.java:1076)
	at org.testng.remote.AbstractRemoteTestNG.run(AbstractRemoteTestNG.java:126)
	at org.testng.remote.RemoteTestNG.initAndRun(RemoteTestNG.java:152)
	at org.testng.remote.RemoteTestNG.main(RemoteTestNG.java:57)
</pre></div></td>
<td>0</td>
<td>r09_SignupandLogin_Chrome.Trident_Profile_change_Password_85626@6895a785</td></tr>
<tr>
<td title='r09_SignupandLogin_Chrome.Trident_Profile_change_Password_DataMismatch_Error_85627.Profile_change_Password_DataMismatch_Error()'><b>Profile_change_Password_DataMismatch_Error</b><br>Test class: r09_SignupandLogin_Chrome.Trident_Profile_change_Password_DataMismatch_Error_85627</td>
<td><div><pre>java.lang.AssertionError: expected [no] but found [yes]
	at r09_SignupandLogin_Chrome.Trident_Profile_change_Password_DataMismatch_Error_85627.Profile_change_Password_DataMismatch_Error(Trident_Profile_change_Password_DataMismatch_Error_85627.java:33)
... Removed 31 stack frames</pre></div><a href='#' onClick='toggleBox("stack-trace1449605932", this, "Click to show all stack frames", "Click to hide stack frames")'>Click to show all stack frames</a>
<div class='stack-trace' id='stack-trace1449605932'><pre>java.lang.AssertionError: expected [no] but found [yes]
	at org.testng.Assert.fail(Assert.java:94)
	at org.testng.Assert.failNotEquals(Assert.java:513)
	at org.testng.Assert.assertEqualsImpl(Assert.java:135)
	at org.testng.Assert.assertEquals(Assert.java:116)
	at org.testng.Assert.assertEquals(Assert.java:190)
	at org.testng.Assert.assertEquals(Assert.java:200)
	at r09_SignupandLogin_Chrome.Trident_Profile_change_Password_DataMismatch_Error_85627.Profile_change_Password_DataMismatch_Error(Trident_Profile_change_Password_DataMismatch_Error_85627.java:33)
	at sun.reflect.NativeMethodAccessorImpl.invoke0(Native Method)
	at sun.reflect.NativeMethodAccessorImpl.invoke(Unknown Source)
	at sun.reflect.DelegatingMethodAccessorImpl.invoke(Unknown Source)
	at java.lang.reflect.Method.invoke(Unknown Source)
	at org.testng.internal.MethodInvocationHelper.invokeMethod(MethodInvocationHelper.java:100)
	at org.testng.internal.Invoker.invokeMethod(Invoker.java:646)
	at org.testng.internal.Invoker.invokeTestMethod(Invoker.java:811)
	at org.testng.internal.Invoker.invokeTestMethods(Invoker.java:1129)
	at org.testng.internal.TestMethodWorker.invokeTestMethods(TestMethodWorker.java:129)
	at org.testng.internal.TestMethodWorker.run(TestMethodWorker.java:112)
	at org.testng.TestRunner.privateRun(TestRunner.java:746)
	at org.testng.TestRunner.run(TestRunner.java:600)
	at org.testng.SuiteRunner.runTest(SuiteRunner.java:366)
	at org.testng.SuiteRunner.runSequentially(SuiteRunner.java:361)
	at org.testng.SuiteRunner.privateRun(SuiteRunner.java:319)
	at org.testng.SuiteRunner.run(SuiteRunner.java:268)
	at org.testng.SuiteRunnerWorker.runSuite(SuiteRunnerWorker.java:52)
	at org.testng.SuiteRunnerWorker.run(SuiteRunnerWorker.java:86)
	at org.testng.TestNG.runSuitesSequentially(TestNG.java:1264)
	at org.testng.TestNG.runSuitesLocally(TestNG.java:1189)
	at org.testng.TestNG.runSuites(TestNG.java:1104)
	at org.testng.TestNG.run(TestNG.java:1076)
	at org.testng.remote.AbstractRemoteTestNG.run(AbstractRemoteTestNG.java:126)
	at org.testng.remote.RemoteTestNG.initAndRun(RemoteTestNG.java:152)
	at org.testng.remote.RemoteTestNG.main(RemoteTestNG.java:57)
</pre></div></td>
<td>0</td>
<td>r09_SignupandLogin_Chrome.Trident_Profile_change_Password_DataMismatch_Error_85627@184f6be2</td></tr>
<tr>
<td title='r09_SignupandLogin_Chrome.Trident_Profile_change_UserName_Duplicate_Email_85625.Profile_change_UserName_Duplicate_Email()'><b>Profile_change_UserName_Duplicate_Email</b><br>Test class: r09_SignupandLogin_Chrome.Trident_Profile_change_UserName_Duplicate_Email_85625</td>
<td><div><pre>java.lang.AssertionError: expected [no] but found [yes]
	at r09_SignupandLogin_Chrome.Trident_Profile_change_UserName_Duplicate_Email_85625.Profile_change_UserName_Duplicate_Email(Trident_Profile_change_UserName_Duplicate_Email_85625.java:33)
... Removed 31 stack frames</pre></div><a href='#' onClick='toggleBox("stack-trace1611370719", this, "Click to show all stack frames", "Click to hide stack frames")'>Click to show all stack frames</a>
<div class='stack-trace' id='stack-trace1611370719'><pre>java.lang.AssertionError: expected [no] but found [yes]
	at org.testng.Assert.fail(Assert.java:94)
	at org.testng.Assert.failNotEquals(Assert.java:513)
	at org.testng.Assert.assertEqualsImpl(Assert.java:135)
	at org.testng.Assert.assertEquals(Assert.java:116)
	at org.testng.Assert.assertEquals(Assert.java:190)
	at org.testng.Assert.assertEquals(Assert.java:200)
	at r09_SignupandLogin_Chrome.Trident_Profile_change_UserName_Duplicate_Email_85625.Profile_change_UserName_Duplicate_Email(Trident_Profile_change_UserName_Duplicate_Email_85625.java:33)
	at sun.reflect.NativeMethodAccessorImpl.invoke0(Native Method)
	at sun.reflect.NativeMethodAccessorImpl.invoke(Unknown Source)
	at sun.reflect.DelegatingMethodAccessorImpl.invoke(Unknown Source)
	at java.lang.reflect.Method.invoke(Unknown Source)
	at org.testng.internal.MethodInvocationHelper.invokeMethod(MethodInvocationHelper.java:100)
	at org.testng.internal.Invoker.invokeMethod(Invoker.java:646)
	at org.testng.internal.Invoker.invokeTestMethod(Invoker.java:811)
	at org.testng.internal.Invoker.invokeTestMethods(Invoker.java:1129)
	at org.testng.internal.TestMethodWorker.invokeTestMethods(TestMethodWorker.java:129)
	at org.testng.internal.TestMethodWorker.run(TestMethodWorker.java:112)
	at org.testng.TestRunner.privateRun(TestRunner.java:746)
	at org.testng.TestRunner.run(TestRunner.java:600)
	at org.testng.SuiteRunner.runTest(SuiteRunner.java:366)
	at org.testng.SuiteRunner.runSequentially(SuiteRunner.java:361)
	at org.testng.SuiteRunner.privateRun(SuiteRunner.java:319)
	at org.testng.SuiteRunner.run(SuiteRunner.java:268)
	at org.testng.SuiteRunnerWorker.runSuite(SuiteRunnerWorker.java:52)
	at org.testng.SuiteRunnerWorker.run(SuiteRunnerWorker.java:86)
	at org.testng.TestNG.runSuitesSequentially(TestNG.java:1264)
	at org.testng.TestNG.runSuitesLocally(TestNG.java:1189)
	at org.testng.TestNG.runSuites(TestNG.java:1104)
	at org.testng.TestNG.run(TestNG.java:1076)
	at org.testng.remote.AbstractRemoteTestNG.run(AbstractRemoteTestNG.java:126)
	at org.testng.remote.RemoteTestNG.initAndRun(RemoteTestNG.java:152)
	at org.testng.remote.RemoteTestNG.main(RemoteTestNG.java:57)
</pre></div></td>
<td>0</td>
<td>r09_SignupandLogin_Chrome.Trident_Profile_change_UserName_Duplicate_Email_85625@56aac163</td></tr>
<tr>
<td title='r09_SignupandLogin_Chrome.Trident_Profile_change_UserName_EmailValidation_85623.Profile_change_UserName_EmailValidation()'><b>Profile_change_UserName_EmailValidation</b><br>Test class: r09_SignupandLogin_Chrome.Trident_Profile_change_UserName_EmailValidation_85623</td>
<td><div><pre>java.lang.AssertionError: expected [no] but found [yes]
	at r09_SignupandLogin_Chrome.Trident_Profile_change_UserName_EmailValidation_85623.Profile_change_UserName_EmailValidation(Trident_Profile_change_UserName_EmailValidation_85623.java:33)
... Removed 31 stack frames</pre></div><a href='#' onClick='toggleBox("stack-trace532885071", this, "Click to show all stack frames", "Click to hide stack frames")'>Click to show all stack frames</a>
<div class='stack-trace' id='stack-trace532885071'><pre>java.lang.AssertionError: expected [no] but found [yes]
	at org.testng.Assert.fail(Assert.java:94)
	at org.testng.Assert.failNotEquals(Assert.java:513)
	at org.testng.Assert.assertEqualsImpl(Assert.java:135)
	at org.testng.Assert.assertEquals(Assert.java:116)
	at org.testng.Assert.assertEquals(Assert.java:190)
	at org.testng.Assert.assertEquals(Assert.java:200)
	at r09_SignupandLogin_Chrome.Trident_Profile_change_UserName_EmailValidation_85623.Profile_change_UserName_EmailValidation(Trident_Profile_change_UserName_EmailValidation_85623.java:33)
	at sun.reflect.NativeMethodAccessorImpl.invoke0(Native Method)
	at sun.reflect.NativeMethodAccessorImpl.invoke(Unknown Source)
	at sun.reflect.DelegatingMethodAccessorImpl.invoke(Unknown Source)
	at java.lang.reflect.Method.invoke(Unknown Source)
	at org.testng.internal.MethodInvocationHelper.invokeMethod(MethodInvocationHelper.java:100)
	at org.testng.internal.Invoker.invokeMethod(Invoker.java:646)
	at org.testng.internal.Invoker.invokeTestMethod(Invoker.java:811)
	at org.testng.internal.Invoker.invokeTestMethods(Invoker.java:1129)
	at org.testng.internal.TestMethodWorker.invokeTestMethods(TestMethodWorker.java:129)
	at org.testng.internal.TestMethodWorker.run(TestMethodWorker.java:112)
	at org.testng.TestRunner.privateRun(TestRunner.java:746)
	at org.testng.TestRunner.run(TestRunner.java:600)
	at org.testng.SuiteRunner.runTest(SuiteRunner.java:366)
	at org.testng.SuiteRunner.runSequentially(SuiteRunner.java:361)
	at org.testng.SuiteRunner.privateRun(SuiteRunner.java:319)
	at org.testng.SuiteRunner.run(SuiteRunner.java:268)
	at org.testng.SuiteRunnerWorker.runSuite(SuiteRunnerWorker.java:52)
	at org.testng.SuiteRunnerWorker.run(SuiteRunnerWorker.java:86)
	at org.testng.TestNG.runSuitesSequentially(TestNG.java:1264)
	at org.testng.TestNG.runSuitesLocally(TestNG.java:1189)
	at org.testng.TestNG.runSuites(TestNG.java:1104)
	at org.testng.TestNG.run(TestNG.java:1076)
	at org.testng.remote.AbstractRemoteTestNG.run(AbstractRemoteTestNG.java:126)
	at org.testng.remote.RemoteTestNG.initAndRun(RemoteTestNG.java:152)
	at org.testng.remote.RemoteTestNG.main(RemoteTestNG.java:57)
</pre></div></td>
<td>0</td>
<td>r09_SignupandLogin_Chrome.Trident_Profile_change_UserName_EmailValidation_85623@1f7030a6</td></tr>
<tr>
<td title='r09_SignupandLogin_Chrome.Trident_Profile_change_UserName_Incorrect_Email_85624.Profile_change_UserName_Incorrect_Email()'><b>Profile_change_UserName_Incorrect_Email</b><br>Test class: r09_SignupandLogin_Chrome.Trident_Profile_change_UserName_Incorrect_Email_85624</td>
<td><div><pre>org.openqa.selenium.NoSuchElementException: no such element: Unable to locate element: {&quot;method&quot;:&quot;css selector&quot;,&quot;selector&quot;:&quot;a.primary-button.taste-profile-button&quot;}
  (Session info: chrome=53.0.2785.116)
  (Driver info: chromedriver=2.22.397933 (1cab651507b88dec79b2b2a22d1943c01833cc1b),platform=Windows NT 6.1.7601 SP1 x86_64) (WARNING: The server did not provide any stacktrace information)
Command duration or timeout: 10.08 seconds
For documentation on this error, please visit: http://seleniumhq.org/exceptions/no_such_element.html
Build info: version: &apos;2.53.1&apos;, revision: &apos;a36b8b1cd5757287168e54b817830adce9b0158d&apos;, time: &apos;2016-06-30 19:26:09&apos;
System info: host: &apos;DD5B-D-1CFJWQ1&apos;, ip: &apos;10.244.31.227&apos;, os.name: &apos;Windows 7&apos;, os.arch: &apos;amd64&apos;, os.version: &apos;6.1&apos;, java.version: &apos;1.8.0_91&apos;
Driver info: org.openqa.selenium.chrome.ChromeDriver
Capabilities [{applicationCacheEnabled=false, rotatable=false, mobileEmulationEnabled=false, chrome={chromedriverVersion=2.22.397933 (1cab651507b88dec79b2b2a22d1943c01833cc1b), userDataDir=C:\Users\RISHIA~1.GAR\AppData\Local\Temp\scoped_dir15356_19710}, takesHeapSnapshot=true, databaseEnabled=false, handlesAlerts=true, hasTouchScreen=false, version=53.0.2785.116, platform=XP, browserConnectionEnabled=false, nativeEvents=true, acceptSslCerts=true, locationContextEnabled=true, webStorageEnabled=true, browserName=chrome, takesScreenshot=true, javascriptEnabled=true, cssSelectorsEnabled=true}]
Session ID: 9622de38a0dc570317ad9a5e085458ec
*** Element info: {Using=css selector, value=a.primary-button.taste-profile-button}
	at org.openqa.selenium.remote.ErrorHandler.createThrowable(ErrorHandler.java:206)
	at org.openqa.selenium.remote.ErrorHandler.throwIfResponseFailed(ErrorHandler.java:158)
	at org.openqa.selenium.remote.RemoteWebDriver.execute(RemoteWebDriver.java:678)
	at org.openqa.selenium.remote.RemoteWebDriver.findElement(RemoteWebDriver.java:363)
	at org.openqa.selenium.remote.RemoteWebDriver.findElementByCssSelector(RemoteWebDriver.java:492)
	at org.openqa.selenium.By$ByCssSelector.findElement(By.java:430)
	at org.openqa.selenium.remote.RemoteWebDriver.findElement(RemoteWebDriver.java:355)
	at application_Model.ProfilePageModel.interestsButton(ProfilePageModel.java:11)
	at application_Controller.ProfilePageController.interestButtonExists(ProfilePageController.java:29)
	at r09_SignupandLogin_Chrome.Trident_Profile_change_UserName_Incorrect_Email_85624.Profile_change_UserName_Incorrect_Email(Trident_Profile_change_UserName_Incorrect_Email_85624.java:36)
... Removed 29 stack frames</pre></div><a href='#' onClick='toggleBox("stack-trace1724256292", this, "Click to show all stack frames", "Click to hide stack frames")'>Click to show all stack frames</a>
<div class='stack-trace' id='stack-trace1724256292'><pre>org.openqa.selenium.NoSuchElementException: no such element: Unable to locate element: {&quot;method&quot;:&quot;css selector&quot;,&quot;selector&quot;:&quot;a.primary-button.taste-profile-button&quot;}
  (Session info: chrome=53.0.2785.116)
  (Driver info: chromedriver=2.22.397933 (1cab651507b88dec79b2b2a22d1943c01833cc1b),platform=Windows NT 6.1.7601 SP1 x86_64) (WARNING: The server did not provide any stacktrace information)
Command duration or timeout: 10.08 seconds
For documentation on this error, please visit: http://seleniumhq.org/exceptions/no_such_element.html
Build info: version: &apos;2.53.1&apos;, revision: &apos;a36b8b1cd5757287168e54b817830adce9b0158d&apos;, time: &apos;2016-06-30 19:26:09&apos;
System info: host: &apos;DD5B-D-1CFJWQ1&apos;, ip: &apos;10.244.31.227&apos;, os.name: &apos;Windows 7&apos;, os.arch: &apos;amd64&apos;, os.version: &apos;6.1&apos;, java.version: &apos;1.8.0_91&apos;
Driver info: org.openqa.selenium.chrome.ChromeDriver
Capabilities [{applicationCacheEnabled=false, rotatable=false, mobileEmulationEnabled=false, chrome={chromedriverVersion=2.22.397933 (1cab651507b88dec79b2b2a22d1943c01833cc1b), userDataDir=C:\Users\RISHIA~1.GAR\AppData\Local\Temp\scoped_dir15356_19710}, takesHeapSnapshot=true, databaseEnabled=false, handlesAlerts=true, hasTouchScreen=false, version=53.0.2785.116, platform=XP, browserConnectionEnabled=false, nativeEvents=true, acceptSslCerts=true, locationContextEnabled=true, webStorageEnabled=true, browserName=chrome, takesScreenshot=true, javascriptEnabled=true, cssSelectorsEnabled=true}]
Session ID: 9622de38a0dc570317ad9a5e085458ec
*** Element info: {Using=css selector, value=a.primary-button.taste-profile-button}
	at sun.reflect.NativeConstructorAccessorImpl.newInstance0(Native Method)
	at sun.reflect.NativeConstructorAccessorImpl.newInstance(Unknown Source)
	at sun.reflect.DelegatingConstructorAccessorImpl.newInstance(Unknown Source)
	at java.lang.reflect.Constructor.newInstance(Unknown Source)
	at org.openqa.selenium.remote.ErrorHandler.createThrowable(ErrorHandler.java:206)
	at org.openqa.selenium.remote.ErrorHandler.throwIfResponseFailed(ErrorHandler.java:158)
	at org.openqa.selenium.remote.RemoteWebDriver.execute(RemoteWebDriver.java:678)
	at org.openqa.selenium.remote.RemoteWebDriver.findElement(RemoteWebDriver.java:363)
	at org.openqa.selenium.remote.RemoteWebDriver.findElementByCssSelector(RemoteWebDriver.java:492)
	at org.openqa.selenium.By$ByCssSelector.findElement(By.java:430)
	at org.openqa.selenium.remote.RemoteWebDriver.findElement(RemoteWebDriver.java:355)
	at application_Model.ProfilePageModel.interestsButton(ProfilePageModel.java:11)
	at application_Controller.ProfilePageController.interestButtonExists(ProfilePageController.java:29)
	at r09_SignupandLogin_Chrome.Trident_Profile_change_UserName_Incorrect_Email_85624.Profile_change_UserName_Incorrect_Email(Trident_Profile_change_UserName_Incorrect_Email_85624.java:36)
	at sun.reflect.NativeMethodAccessorImpl.invoke0(Native Method)
	at sun.reflect.NativeMethodAccessorImpl.invoke(Unknown Source)
	at sun.reflect.DelegatingMethodAccessorImpl.invoke(Unknown Source)
	at java.lang.reflect.Method.invoke(Unknown Source)
	at org.testng.internal.MethodInvocationHelper.invokeMethod(MethodInvocationHelper.java:100)
	at org.testng.internal.Invoker.invokeMethod(Invoker.java:646)
	at org.testng.internal.Invoker.invokeTestMethod(Invoker.java:811)
	at org.testng.internal.Invoker.invokeTestMethods(Invoker.java:1129)
	at org.testng.internal.TestMethodWorker.invokeTestMethods(TestMethodWorker.java:129)
	at org.testng.internal.TestMethodWorker.run(TestMethodWorker.java:112)
	at org.testng.TestRunner.privateRun(TestRunner.java:746)
	at org.testng.TestRunner.run(TestRunner.java:600)
	at org.testng.SuiteRunner.runTest(SuiteRunner.java:366)
	at org.testng.SuiteRunner.runSequentially(SuiteRunner.java:361)
	at org.testng.SuiteRunner.privateRun(SuiteRunner.java:319)
	at org.testng.SuiteRunner.run(SuiteRunner.java:268)
	at org.testng.SuiteRunnerWorker.runSuite(SuiteRunnerWorker.java:52)
	at org.testng.SuiteRunnerWorker.run(SuiteRunnerWorker.java:86)
	at org.testng.TestNG.runSuitesSequentially(TestNG.java:1264)
	at org.testng.TestNG.runSuitesLocally(TestNG.java:1189)
	at org.testng.TestNG.runSuites(TestNG.java:1104)
	at org.testng.TestNG.run(TestNG.java:1076)
	at org.testng.remote.AbstractRemoteTestNG.run(AbstractRemoteTestNG.java:126)
	at org.testng.remote.RemoteTestNG.initAndRun(RemoteTestNG.java:152)
	at org.testng.remote.RemoteTestNG.main(RemoteTestNG.java:57)
</pre></div></td>
<td>12</td>
<td>r09_SignupandLogin_Chrome.Trident_Profile_change_UserName_Incorrect_Email_85624@5a1c0542</td></tr>
</table><p>
<table width='100%' border='1' class='invocation-passed'>
<tr><td colspan='4' align='center'><b>PASSED TESTS</b></td></tr>
<tr><td><b>Test method</b></td>
<td width="30%"><b>Exception</b></td>
<td width="10%"><b>Time (seconds)</b></td>
<td><b>Instance</b></td>
</tr>
<tr>
<td title='r09_SignupandLogin_Chrome.Trident_Login_Page_EmailAddress_Incorrect_85683.Login_Page_EmailAddress_Incorrect()'><b>Login_Page_EmailAddress_Incorrect</b><br>Test class: r09_SignupandLogin_Chrome.Trident_Login_Page_EmailAddress_Incorrect_85683</td>
<td></td>
<td>2</td>
<td>r09_SignupandLogin_Chrome.Trident_Login_Page_EmailAddress_Incorrect_85683@7f13d6e</td></tr>
<tr>
<td title='r09_SignupandLogin_Chrome.Trident_Login_Page_EmailAddress_Not_Registered_85681.Login_Page_EmailAddress_Not_Registered()'><b>Login_Page_EmailAddress_Not_Registered</b><br>Test class: r09_SignupandLogin_Chrome.Trident_Login_Page_EmailAddress_Not_Registered_85681</td>
<td></td>
<td>5</td>
<td>r09_SignupandLogin_Chrome.Trident_Login_Page_EmailAddress_Not_Registered_85681@51cdd8a</td></tr>
<tr>
<td title='r09_SignupandLogin_Chrome.Trident_Login_Page_HomeScreen_85687.Login_Page_HomeScreen()'><b>Login_Page_HomeScreen</b><br>Test class: r09_SignupandLogin_Chrome.Trident_Login_Page_HomeScreen_85687</td>
<td></td>
<td>11</td>
<td>r09_SignupandLogin_Chrome.Trident_Login_Page_HomeScreen_85687@23faf8f2</td></tr>
<tr>
<td title='r09_SignupandLogin_Chrome.Trident_Login_Page_Login_PassAndRememberMe_Check_85686.Login_Page_Login_PassAndRememberMe_Check()'><b>Login_Page_Login_PassAndRememberMe_Check</b><br>Test class: r09_SignupandLogin_Chrome.Trident_Login_Page_Login_PassAndRememberMe_Check_85686</td>
<td></td>
<td>2</td>
<td>r09_SignupandLogin_Chrome.Trident_Login_Page_Login_PassAndRememberMe_Check_85686@2d6eabae</td></tr>
<tr>
<td title='r09_SignupandLogin_Chrome.Trident_Login_Page_Only_Password_85679.PasswordAndNoUsername()'><b>PasswordAndNoUsername</b><br>Test class: r09_SignupandLogin_Chrome.Trident_Login_Page_Only_Password_85679</td>
<td></td>
<td>2</td>
<td>r09_SignupandLogin_Chrome.Trident_Login_Page_Only_Password_85679@10bbd20a</td></tr>
<tr>
<td title='r09_SignupandLogin_Chrome.Trident_SignupPage_Complete_SignUp_85634.SignupPage_Complete_SignUp()'><b>SignupPage_Complete_SignUp</b><br>Test class: r09_SignupandLogin_Chrome.Trident_SignupPage_Complete_SignUp_85634</td>
<td></td>
<td>2</td>
<td>r09_SignupandLogin_Chrome.Trident_SignupPage_Complete_SignUp_85634@394e1a0f</td></tr>
<tr>
<td title='r09_SignupandLogin_Chrome.Trident_SignupPage_Field_Validations_85629.SignupPage_Field_Validations()'><b>SignupPage_Field_Validations</b><br>Test class: r09_SignupandLogin_Chrome.Trident_SignupPage_Field_Validations_85629</td>
<td></td>
<td>0</td>
<td>r09_SignupandLogin_Chrome.Trident_SignupPage_Field_Validations_85629@27a5f880</td></tr>
<tr>
<td title='r09_SignupandLogin_Chrome.Trident_SignupPage_Invalid_Email_Address_85630.SignupPage_Invalid_Email_Address()'><b>SignupPage_Invalid_Email_Address</b><br>Test class: r09_SignupandLogin_Chrome.Trident_SignupPage_Invalid_Email_Address_85630</td>
<td></td>
<td>2</td>
<td>r09_SignupandLogin_Chrome.Trident_SignupPage_Invalid_Email_Address_85630@1d29cf23</td></tr>
<tr>
<td title='r09_SignupandLogin_Chrome.Trident_SignupPage_Invalid_First_Name_85631.SignupPage_Invalid_First_Name()'><b>SignupPage_Invalid_First_Name</b><br>Test class: r09_SignupandLogin_Chrome.Trident_SignupPage_Invalid_First_Name_85631</td>
<td></td>
<td>2</td>
<td>r09_SignupandLogin_Chrome.Trident_SignupPage_Invalid_First_Name_85631@5f282abb</td></tr>
<tr>
<td title='r09_SignupandLogin_Chrome.Trident_SignupPage_Invalid_Last_Name_85632.SignupPage_Invalid_Last_Name()'><b>SignupPage_Invalid_Last_Name</b><br>Test class: r09_SignupandLogin_Chrome.Trident_SignupPage_Invalid_Last_Name_85632</td>
<td></td>
<td>2</td>
<td>r09_SignupandLogin_Chrome.Trident_SignupPage_Invalid_Last_Name_85632@167fdd33</td></tr>
<tr>
<td title='r09_SignupandLogin_Chrome.Trident_SignupPage_Blank_Field_Validation_85633.SignupPage_Multiple_Field_Blank()'><b>SignupPage_Multiple_Field_Blank</b><br>Test class: r09_SignupandLogin_Chrome.Trident_SignupPage_Blank_Field_Validation_85633</td>
<td></td>
<td>2</td>
<td>r09_SignupandLogin_Chrome.Trident_SignupPage_Blank_Field_Validation_85633@396f6598</td></tr>
<tr>
<td title='r09_SignupandLogin_Chrome.Trident_Login_Page_Login_with_Email_address_85678.Trident_Login_PageLogin_with_Email_address()'><b>Trident_Login_PageLogin_with_Email_address</b><br>Test class: r09_SignupandLogin_Chrome.Trident_Login_Page_Login_with_Email_address_85678</td>
<td></td>
<td>2</td>
<td>r09_SignupandLogin_Chrome.Trident_Login_Page_Login_with_Email_address_85678@4e7dc304</td></tr>
<tr>
<td title='r09_SignupandLogin_Chrome.Trident_Login_Page_Login_without_RememberMe_85685.Trident_Login_Page_Login_without_RememberMe()'><b>Trident_Login_Page_Login_without_RememberMe</b><br>Test class: r09_SignupandLogin_Chrome.Trident_Login_Page_Login_without_RememberMe_85685</td>
<td></td>
<td>2</td>
<td>r09_SignupandLogin_Chrome.Trident_Login_Page_Login_without_RememberMe_85685@64729b1e</td></tr>
<tr>
<td title='r09_SignupandLogin_Chrome.Trident_Login_Page_ValidateUI_85677.Trident_Login_Page_ValidateUI()'><b>Trident_Login_Page_ValidateUI</b><br>Test class: r09_SignupandLogin_Chrome.Trident_Login_Page_ValidateUI_85677</td>
<td></td>
<td>0</td>
<td>r09_SignupandLogin_Chrome.Trident_Login_Page_ValidateUI_85677@48503868</td></tr>
</table><p>
</body>
</html>